2018-07-28 09:27:32,058 INFO  [org.jboss.modules] (main) JBoss Modules version 1.6.1.Final
2018-07-28 09:27:33,029 INFO  [org.jboss.msc] (main) JBoss MSC version 1.2.7.SP1
2018-07-28 09:27:33,334 INFO  [org.jboss.as] (MSC service thread 1-7) WFLYSRV0049: WildFly Full 11.0.0.Final (WildFly Core 3.0.8.Final) starting
2018-07-28 09:27:33,338 DEBUG [org.jboss.as.config] (MSC service thread 1-7) Configured system properties:
	awt.toolkit = sun.awt.windows.WToolkit
	file.encoding = Cp1252
	file.encoding.pkg = sun.io
	file.separator = \
	java.awt.graphicsenv = sun.awt.Win32GraphicsEnvironment
	java.awt.headless = true
	java.awt.printerjob = sun.awt.windows.WPrinterJob
	java.class.path = G:\Sistemas\CadastroAlunos\Server\wildfly-11.0.0.Final\jboss-modules.jar;C:\Program Files\Java\jre1.8.0_171\lib\resources.jar;C:\Program Files\Java\jre1.8.0_171\lib\rt.jar;C:\Program Files\Java\jre1.8.0_171\lib\jsse.jar;C:\Program Files\Java\jre1.8.0_171\lib\jce.jar;C:\Program Files\Java\jre1.8.0_171\lib\charsets.jar;C:\Program Files\Java\jre1.8.0_171\lib\jfr.jar
	java.class.version = 52.0
	java.endorsed.dirs = C:\Program Files\Java\jre1.8.0_171\lib\endorsed
	java.ext.dirs = C:\Program Files\Java\jre1.8.0_171\lib\ext;C:\WINDOWS\Sun\Java\lib\ext
	java.home = C:\Program Files\Java\jre1.8.0_171
	java.io.tmpdir = C:\Users\Edinaldo\AppData\Local\Temp\
	java.library.path = C:\Program Files\Java\jre1.8.0_171\bin;C:\WINDOWS\Sun\Java\bin;C:\WINDOWS\system32;C:\WINDOWS;native;C:/Program Files/Java/jre1.8.0_171/bin/server;C:/Program Files/Java/jre1.8.0_171/bin;C:/Program Files/Java/jre1.8.0_171/lib/amd64;C:\Program Files (x86)\Common Files\Oracle\Java\javapath;C:\ProgramData\Oracle\Java\javapath;C:\Program Files (x86)\Falcon\MinGW\bin;C:\WINDOWS\system32;C:\WINDOWS;C:\WINDOWS\System32\Wbem;C:\WINDOWS\System32\WindowsPowerShell\v1.0\;C:\Program Files\dotnet\;C:\Program Files\Microsoft SQL Server\Client SDK\ODBC\110\Tools\Binn\;C:\Program Files (x86)\Microsoft SQL Server\120\Tools\Binn\;C:\Program Files\Microsoft SQL Server\120\Tools\Binn\;C:\Program Files\Microsoft SQL Server\120\DTS\Binn\;C:\Program Files (x86)\Microsoft SQL Server\120\Tools\Binn\ManagementStudio\;C:\Program Files (x86)\Microsoft SQL Server\120\DTS\Binn\;C:\Program Files\Git\cmd;C:\WINDOWS\System32\OpenSSH\;C:\Users\Edinaldo\AppData\Local\Microsoft\WindowsApps;;C:\Users\Edinaldo\AppData\Local\Programs\Fiddler;C:\Users\Edinaldo\AppData\Local\Microsoft\WindowsApps;C:\WINDOWS\System32;;.
	java.net.preferIPv4Stack = true
	java.runtime.name = Java(TM) SE Runtime Environment
	java.runtime.version = 1.8.0_171-b11
	java.specification.name = Java Platform API Specification
	java.specification.vendor = Oracle Corporation
	java.specification.version = 1.8
	java.util.logging.manager = org.jboss.logmanager.LogManager
	java.vendor = Oracle Corporation
	java.vendor.url = http://java.oracle.com/
	java.vendor.url.bug = http://bugreport.sun.com/bugreport/
	java.version = 1.8.0_171
	java.vm.info = mixed mode
	java.vm.name = Java HotSpot(TM) 64-Bit Server VM
	java.vm.specification.name = Java Virtual Machine Specification
	java.vm.specification.vendor = Oracle Corporation
	java.vm.specification.version = 1.8
	java.vm.vendor = Oracle Corporation
	java.vm.version = 25.171-b11
	javax.management.builder.initial = org.jboss.as.jmx.PluggableMBeanServerBuilder
	javax.xml.datatype.DatatypeFactory = __redirected.__DatatypeFactory
	javax.xml.parsers.DocumentBuilderFactory = __redirected.__DocumentBuilderFactory
	javax.xml.parsers.SAXParserFactory = __redirected.__SAXParserFactory
	javax.xml.stream.XMLEventFactory = __redirected.__XMLEventFactory
	javax.xml.stream.XMLInputFactory = __redirected.__XMLInputFactory
	javax.xml.stream.XMLOutputFactory = __redirected.__XMLOutputFactory
	javax.xml.transform.TransformerFactory = __redirected.__TransformerFactory
	javax.xml.validation.SchemaFactory:http://www.w3.org/2001/XMLSchema = __redirected.__SchemaFactory
	javax.xml.xpath.XPathFactory:http://java.sun.com/jaxp/xpath/dom = __redirected.__XPathFactory
	jboss.bind.address = localhost
	jboss.bind.address.management = localhost
	jboss.home.dir = G:\Sistemas\CadastroAlunos\Server\wildfly-11.0.0.Final
	jboss.host.name = edinaldo
	jboss.modules.dir = G:\Sistemas\CadastroAlunos\Server\wildfly-11.0.0.Final\modules
	jboss.modules.system.pkgs = org.jboss.byteman
	jboss.node.name = edinaldo
	jboss.qualified.host.name = edinaldo
	jboss.server.base.dir = G:\Sistemas\CadastroAlunos\Server\wildfly-11.0.0.Final\standalone
	jboss.server.config.dir = G:\Sistemas\CadastroAlunos\Server\wildfly-11.0.0.Final\standalone\configuration
	jboss.server.data.dir = G:\Sistemas\CadastroAlunos\Server\wildfly-11.0.0.Final\standalone\data
	jboss.server.deploy.dir = G:\Sistemas\CadastroAlunos\Server\wildfly-11.0.0.Final\standalone\data\content
	jboss.server.log.dir = G:\Sistemas\CadastroAlunos\Server\wildfly-11.0.0.Final\standalone\log
	jboss.server.name = edinaldo
	jboss.server.persist.config = true
	jboss.server.temp.dir = G:\Sistemas\CadastroAlunos\Server\wildfly-11.0.0.Final\standalone\tmp
	line.separator = 

	logging.configuration = file:G:\Sistemas\CadastroAlunos\Server\wildfly-11.0.0.Final\standalone\configuration\logging.properties
	module.path = G:\Sistemas\CadastroAlunos\Server\wildfly-11.0.0.Final\modules
	org.jboss.boot.log.file = G:\Sistemas\CadastroAlunos\Server\wildfly-11.0.0.Final\standalone\log\boot.log
	org.jboss.logmanager.nocolor = true
	org.jboss.resolver.warning = true
	org.xml.sax.driver = __redirected.__XMLReaderFactory
	os.arch = amd64
	os.name = Windows 10
	os.version = 10.0
	path.separator = ;
	program.name = JBossTools: WildFly 11
	sun.arch.data.model = 64
	sun.boot.class.path = C:\Program Files\Java\jre1.8.0_171\lib\resources.jar;C:\Program Files\Java\jre1.8.0_171\lib\rt.jar;C:\Program Files\Java\jre1.8.0_171\lib\sunrsasign.jar;C:\Program Files\Java\jre1.8.0_171\lib\jsse.jar;C:\Program Files\Java\jre1.8.0_171\lib\jce.jar;C:\Program Files\Java\jre1.8.0_171\lib\charsets.jar;C:\Program Files\Java\jre1.8.0_171\lib\jfr.jar;C:\Program Files\Java\jre1.8.0_171\classes
	sun.boot.library.path = C:\Program Files\Java\jre1.8.0_171\bin
	sun.cpu.endian = little
	sun.cpu.isalist = amd64
	sun.desktop = windows
	sun.io.unicode.encoding = UnicodeLittle
	sun.java.command = org.jboss.modules.Main -mp G:\Sistemas\CadastroAlunos\Server\wildfly-11.0.0.Final\modules org.jboss.as.standalone -b localhost --server-config=standalone.xml -Djboss.server.base.dir=G:\Sistemas\CadastroAlunos\Server\wildfly-11.0.0.Final\standalone
	sun.java.launcher = SUN_STANDARD
	sun.jnu.encoding = Cp1252
	sun.management.compiler = HotSpot 64-Bit Tiered Compilers
	sun.os.patch.level = 
	sun.rmi.dgc.client.gcInterval = 3600000
	sun.rmi.dgc.server.gcInterval = 3600000
	user.country = BR
	user.dir = G:\Sistemas\CadastroAlunos\Server\wildfly-11.0.0.Final\bin
	user.home = C:\Users\Edinaldo
	user.language = pt
	user.name = Edinaldo
	user.script = 
	user.timezone = America/Sao_Paulo
	user.variant = 
2018-07-28 09:27:33,344 DEBUG [org.jboss.as.config] (MSC service thread 1-7) VM Arguments: -Dprogram.name=JBossTools: WildFly 11 -Xms64m -Xmx512m -Dorg.jboss.resolver.warning=true -Djava.net.preferIPv4Stack=true -Dsun.rmi.dgc.client.gcInterval=3600000 -Dsun.rmi.dgc.server.gcInterval=3600000 -Djboss.modules.system.pkgs=org.jboss.byteman -Djava.awt.headless=true -Dorg.jboss.boot.log.file=G:\Sistemas\CadastroAlunos\Server\wildfly-11.0.0.Final\standalone\log\boot.log -Dlogging.configuration=file:G:\Sistemas\CadastroAlunos\Server\wildfly-11.0.0.Final\standalone\configuration\logging.properties -Djboss.home.dir=G:\Sistemas\CadastroAlunos\Server\wildfly-11.0.0.Final -Dorg.jboss.logmanager.nocolor=true -Djboss.bind.address.management=localhost -Dfile.encoding=Cp1252 
2018-07-28 09:27:38,151 INFO  [org.jboss.as.controller.management-deprecated] (Controller Boot Thread) WFLYCTL0028: Attribute 'security-realm' in the resource at address '/core-service=management/management-interface=http-interface' is deprecated, and may be removed in future version. See the attribute description in the output of the read-resource-description operation to learn more about the deprecation.
2018-07-28 09:27:38,312 INFO  [org.jboss.as.controller.management-deprecated] (ServerService Thread Pool -- 28) WFLYCTL0028: Attribute 'security-realm' in the resource at address '/subsystem=undertow/server=default-server/https-listener=https' is deprecated, and may be removed in future version. See the attribute description in the output of the read-resource-description operation to learn more about the deprecation.
2018-07-28 09:27:38,312 INFO  [org.wildfly.security] (ServerService Thread Pool -- 25) ELY00001: WildFly Elytron version 1.1.6.Final
2018-07-28 09:27:38,560 INFO  [org.jboss.as.server.deployment.scanner] (DeploymentScanner-threads - 1) WFLYDS0004: Found CadastroCliente.war in deployment directory. To trigger deployment create a file called CadastroCliente.war.dodeploy
2018-07-28 09:27:38,808 INFO  [org.jboss.as.server] (Controller Boot Thread) WFLYSRV0039: Creating http management service using socket-binding (management-http)
2018-07-28 09:27:38,944 INFO  [org.xnio] (MSC service thread 1-5) XNIO version 3.5.4.Final
2018-07-28 09:27:39,005 INFO  [org.xnio.nio] (MSC service thread 1-5) XNIO NIO Implementation Version 3.5.4.Final
2018-07-28 09:27:39,513 WARN  [org.jboss.as.txn] (ServerService Thread Pool -- 58) WFLYTX0013: The node-identifier attribute on the /subsystem=transactions is set to the default value. This is a danger for environments running multiple servers. Please make sure the attribute value is unique.
2018-07-28 09:27:39,555 INFO  [org.jboss.as.clustering.infinispan] (ServerService Thread Pool -- 42) WFLYCLINF0001: Activating Infinispan subsystem.
2018-07-28 09:27:39,595 INFO  [org.jboss.as.security] (ServerService Thread Pool -- 57) WFLYSEC0002: Activating Security Subsystem
2018-07-28 09:27:39,732 INFO  [org.jboss.as.jaxrs] (ServerService Thread Pool -- 43) WFLYRS0016: RESTEasy version 3.0.24.Final
2018-07-28 09:27:39,773 INFO  [org.jboss.as.jsf] (ServerService Thread Pool -- 48) WFLYJSF0007: Activated the following JSF Implementations: [main]
2018-07-28 09:27:39,810 INFO  [org.jboss.as.security] (MSC service thread 1-3) WFLYSEC0001: Current PicketBox version=5.0.2.Final
2018-07-28 09:27:39,846 INFO  [org.jboss.as.webservices] (ServerService Thread Pool -- 60) WFLYWS0002: Activating WebServices Extension
2018-07-28 09:27:40,194 INFO  [org.jboss.as.naming] (ServerService Thread Pool -- 50) WFLYNAM0001: Activating Naming Subsystem
2018-07-28 09:27:40,202 INFO  [org.wildfly.extension.io] (ServerService Thread Pool -- 41) WFLYIO001: Worker 'default' has auto-configured to 8 core threads with 64 task threads based on your 4 available processors
2018-07-28 09:27:41,228 INFO  [org.jboss.as.connector.subsystems.datasources] (ServerService Thread Pool -- 36) WFLYJCA0004: Deploying JDBC-compliant driver class org.h2.Driver (version 1.4)
2018-07-28 09:27:41,328 INFO  [org.wildfly.extension.undertow] (MSC service thread 1-4) WFLYUT0003: Undertow 1.4.18.Final starting
2018-07-28 09:27:41,436 INFO  [org.jboss.as.connector] (MSC service thread 1-3) WFLYJCA0009: Starting JCA Subsystem (WildFly/IronJacamar 1.4.6.Final)
2018-07-28 09:27:42,034 INFO  [org.jboss.as.connector.deployers.jdbc] (MSC service thread 1-2) WFLYJCA0018: Started Driver service with driver-name = h2
2018-07-28 09:27:42,038 INFO  [org.jboss.as.naming] (MSC service thread 1-2) WFLYNAM0003: Starting Naming Service
2018-07-28 09:27:42,042 INFO  [org.jboss.as.mail.extension] (MSC service thread 1-2) WFLYMAIL0001: Bound mail session [java:jboss/mail/Default]
2018-07-28 09:27:43,026 INFO  [org.jboss.remoting] (MSC service thread 1-5) JBoss Remoting version 5.0.5.Final
2018-07-28 09:27:43,847 INFO  [org.wildfly.extension.undertow] (ServerService Thread Pool -- 59) WFLYUT0014: Creating file handler for path 'G:\Sistemas\CadastroAlunos\Server\wildfly-11.0.0.Final/welcome-content' with options [directory-listing: 'false', follow-symlink: 'false', case-sensitive: 'true', safe-symlink-paths: '[]']
2018-07-28 09:27:44,109 INFO  [org.wildfly.extension.undertow] (MSC service thread 1-2) WFLYUT0012: Started server default-server.
2018-07-28 09:27:44,156 INFO  [org.wildfly.extension.undertow] (MSC service thread 1-3) WFLYUT0018: Host default-host starting
2018-07-28 09:27:44,398 INFO  [org.jboss.as.ejb3] (MSC service thread 1-7) WFLYEJB0482: Strict pool mdb-strict-max-pool is using a max instance size of 16 (per class), which is derived from the number of CPUs on this host.
2018-07-28 09:27:44,398 INFO  [org.jboss.as.ejb3] (MSC service thread 1-1) WFLYEJB0481: Strict pool slsb-strict-max-pool is using a max instance size of 64 (per class), which is derived from thread worker pool sizing.
2018-07-28 09:27:44,801 INFO  [org.wildfly.extension.undertow] (MSC service thread 1-2) WFLYUT0006: Undertow HTTP listener default listening on 127.0.0.1:8080
2018-07-28 09:27:45,464 INFO  [org.jboss.as.ejb3] (MSC service thread 1-7) WFLYEJB0493: EJB subsystem suspension complete
2018-07-28 09:27:46,029 INFO  [org.jboss.as.connector.subsystems.datasources] (MSC service thread 1-3) WFLYJCA0001: Bound data source [java:jboss/datasources/ExampleDS]
2018-07-28 09:27:46,715 INFO  [org.jboss.as.patching] (MSC service thread 1-6) WFLYPAT0050: WildFly Full cumulative patch ID is: base, one-off patches include: none
2018-07-28 09:27:47,132 WARN  [org.jboss.as.domain.management.security] (MSC service thread 1-8) WFLYDM0111: Keystore G:\Sistemas\CadastroAlunos\Server\wildfly-11.0.0.Final\standalone\configuration\application.keystore not found, it will be auto generated on first use with a self signed certificate for host localhost
2018-07-28 09:27:47,144 INFO  [org.jboss.as.server.deployment.scanner] (MSC service thread 1-3) WFLYDS0013: Started FileSystemDeploymentService for directory G:\Sistemas\CadastroAlunos\Server\wildfly-11.0.0.Final\standalone\deployments
2018-07-28 09:27:47,256 INFO  [org.jboss.as.server.deployment] (MSC service thread 1-7) WFLYSRV0027: Starting deployment of "CadastroCliente.war" (runtime-name: "CadastroCliente.war")
2018-07-28 09:27:48,102 INFO  [org.wildfly.extension.undertow] (MSC service thread 1-8) WFLYUT0006: Undertow HTTPS listener https listening on 127.0.0.1:8443
2018-07-28 09:27:48,839 INFO  [org.jboss.ws.common.management] (MSC service thread 1-7) JBWS022052: Starting JBossWS 5.1.9.Final (Apache CXF 3.1.12) 
2018-07-28 09:27:55,545 INFO  [org.infinispan.factories.GlobalComponentRegistry] (MSC service thread 1-5) ISPN000128: Infinispan version: Infinispan 'Chakra' 8.2.8.Final
2018-07-28 09:27:57,001 INFO  [org.jboss.as.clustering.infinispan] (ServerService Thread Pool -- 63) WFLYCLINF0002: Started client-mappings cache from ejb container
2018-07-28 09:27:58,223 INFO  [org.wildfly.extension.undertow] (ServerService Thread Pool -- 66) WFLYUT0021: Registered web context: '/CadastroCliente' for server 'default-server'
2018-07-28 09:27:58,535 INFO  [org.jboss.as.server] (ServerService Thread Pool -- 37) WFLYSRV0010: Deployed "CadastroCliente.war" (runtime-name : "CadastroCliente.war")
2018-07-28 09:27:59,127 INFO  [org.jboss.as.server] (Controller Boot Thread) WFLYSRV0212: Resuming server
2018-07-28 09:27:59,147 INFO  [org.jboss.as] (Controller Boot Thread) WFLYSRV0060: Http management interface listening on http://127.0.0.1:9990/management
2018-07-28 09:27:59,151 INFO  [org.jboss.as] (Controller Boot Thread) WFLYSRV0051: Admin console listening on http://127.0.0.1:9990
2018-07-28 09:27:59,151 INFO  [org.jboss.as] (Controller Boot Thread) WFLYSRV0025: WildFly Full 11.0.0.Final (WildFly Core 3.0.8.Final) started in 27705ms - Started 396 of 624 services (353 services are lazy, passive or on-demand)
2018-07-28 09:30:53,920 INFO  [org.jboss.as.server] (management-handler-thread - 2) WFLYSRV0236: Suspending server with no timeout.
2018-07-28 09:30:55,516 INFO  [org.jboss.as.ejb3] (management-handler-thread - 2) WFLYEJB0493: EJB subsystem suspension complete
2018-07-28 09:30:55,805 INFO  [org.jboss.as.server] (Management Triggered Shutdown) WFLYSRV0241: Shutting down in response to management operation 'shutdown'
2018-07-28 09:30:59,537 INFO  [org.wildfly.extension.undertow] (ServerService Thread Pool -- 68) WFLYUT0022: Unregistered web context: '/CadastroCliente' from server 'default-server'
2018-07-28 09:31:00,858 INFO  [org.jboss.as.connector.subsystems.datasources] (MSC service thread 1-7) WFLYJCA0010: Unbound data source [java:jboss/datasources/ExampleDS]
2018-07-28 09:31:01,821 INFO  [org.wildfly.extension.undertow] (MSC service thread 1-5) WFLYUT0019: Host default-host stopping
2018-07-28 09:31:02,864 INFO  [org.jboss.as.connector.deployers.jdbc] (MSC service thread 1-7) WFLYJCA0019: Stopped Driver service with driver-name = h2
2018-07-28 09:31:05,800 INFO  [org.jboss.as.clustering.infinispan] (ServerService Thread Pool -- 13) WFLYCLINF0003: Stopped client-mappings cache from ejb container
2018-07-28 09:31:06,090 INFO  [org.jboss.as.server.deployment] (MSC service thread 1-1) WFLYSRV0028: Stopped deployment CadastroCliente.war (runtime-name: CadastroCliente.war) in 9432ms
2018-07-28 09:31:06,215 INFO  [org.wildfly.extension.undertow] (MSC service thread 1-7) WFLYUT0008: Undertow HTTP listener default suspending
2018-07-28 09:31:06,255 INFO  [org.wildfly.extension.undertow] (MSC service thread 1-7) WFLYUT0007: Undertow HTTP listener default stopped, was bound to 127.0.0.1:8080
2018-07-28 09:31:06,255 INFO  [org.wildfly.extension.undertow] (MSC service thread 1-2) WFLYUT0008: Undertow HTTPS listener https suspending
2018-07-28 09:31:06,255 INFO  [org.wildfly.extension.undertow] (MSC service thread 1-2) WFLYUT0007: Undertow HTTPS listener https stopped, was bound to 127.0.0.1:8443
2018-07-28 09:31:06,390 INFO  [org.wildfly.extension.undertow] (MSC service thread 1-2) WFLYUT0004: Undertow 1.4.18.Final stopping
2018-07-28 09:31:06,722 INFO  [org.jboss.as] (MSC service thread 1-1) WFLYSRV0050: WildFly Full 11.0.0.Final (WildFly Core 3.0.8.Final) stopped in 10063ms
2018-07-28 09:31:33,134 INFO  [org.jboss.modules] (main) JBoss Modules version 1.6.1.Final
2018-07-28 09:31:37,165 INFO  [org.jboss.msc] (main) JBoss MSC version 1.2.7.SP1
2018-07-28 09:31:38,692 INFO  [org.jboss.as] (MSC service thread 1-8) WFLYSRV0049: WildFly Full 11.0.0.Final (WildFly Core 3.0.8.Final) starting
2018-07-28 09:31:38,723 DEBUG [org.jboss.as.config] (MSC service thread 1-8) Configured system properties:
	awt.toolkit = sun.awt.windows.WToolkit
	file.encoding = Cp1252
	file.encoding.pkg = sun.io
	file.separator = \
	java.awt.graphicsenv = sun.awt.Win32GraphicsEnvironment
	java.awt.headless = true
	java.awt.printerjob = sun.awt.windows.WPrinterJob
	java.class.path = G:\Sistemas\CadastroAlunos\Server\wildfly-11.0.0.Final\jboss-modules.jar;C:\Program Files\Java\jre1.8.0_171\lib\resources.jar;C:\Program Files\Java\jre1.8.0_171\lib\rt.jar;C:\Program Files\Java\jre1.8.0_171\lib\jsse.jar;C:\Program Files\Java\jre1.8.0_171\lib\jce.jar;C:\Program Files\Java\jre1.8.0_171\lib\charsets.jar;C:\Program Files\Java\jre1.8.0_171\lib\jfr.jar
	java.class.version = 52.0
	java.endorsed.dirs = C:\Program Files\Java\jre1.8.0_171\lib\endorsed
	java.ext.dirs = C:\Program Files\Java\jre1.8.0_171\lib\ext;C:\WINDOWS\Sun\Java\lib\ext
	java.home = C:\Program Files\Java\jre1.8.0_171
	java.io.tmpdir = C:\Users\Edinaldo\AppData\Local\Temp\
	java.library.path = C:\Program Files\Java\jre1.8.0_171\bin;C:\WINDOWS\Sun\Java\bin;C:\WINDOWS\system32;C:\WINDOWS;native;C:/Program Files/Java/jre1.8.0_171/bin/server;C:/Program Files/Java/jre1.8.0_171/bin;C:/Program Files/Java/jre1.8.0_171/lib/amd64;C:\Program Files (x86)\Common Files\Oracle\Java\javapath;C:\ProgramData\Oracle\Java\javapath;C:\Program Files (x86)\Falcon\MinGW\bin;C:\WINDOWS\system32;C:\WINDOWS;C:\WINDOWS\System32\Wbem;C:\WINDOWS\System32\WindowsPowerShell\v1.0\;C:\Program Files\dotnet\;C:\Program Files\Microsoft SQL Server\Client SDK\ODBC\110\Tools\Binn\;C:\Program Files (x86)\Microsoft SQL Server\120\Tools\Binn\;C:\Program Files\Microsoft SQL Server\120\Tools\Binn\;C:\Program Files\Microsoft SQL Server\120\DTS\Binn\;C:\Program Files (x86)\Microsoft SQL Server\120\Tools\Binn\ManagementStudio\;C:\Program Files (x86)\Microsoft SQL Server\120\DTS\Binn\;C:\Program Files\Git\cmd;C:\WINDOWS\System32\OpenSSH\;C:\Users\Edinaldo\AppData\Local\Microsoft\WindowsApps;;C:\Users\Edinaldo\AppData\Local\Programs\Fiddler;C:\Users\Edinaldo\AppData\Local\Microsoft\WindowsApps;C:\WINDOWS\System32;;.
	java.net.preferIPv4Stack = true
	java.runtime.name = Java(TM) SE Runtime Environment
	java.runtime.version = 1.8.0_171-b11
	java.specification.name = Java Platform API Specification
	java.specification.vendor = Oracle Corporation
	java.specification.version = 1.8
	java.util.logging.manager = org.jboss.logmanager.LogManager
	java.vendor = Oracle Corporation
	java.vendor.url = http://java.oracle.com/
	java.vendor.url.bug = http://bugreport.sun.com/bugreport/
	java.version = 1.8.0_171
	java.vm.info = mixed mode
	java.vm.name = Java HotSpot(TM) 64-Bit Server VM
	java.vm.specification.name = Java Virtual Machine Specification
	java.vm.specification.vendor = Oracle Corporation
	java.vm.specification.version = 1.8
	java.vm.vendor = Oracle Corporation
	java.vm.version = 25.171-b11
	javax.management.builder.initial = org.jboss.as.jmx.PluggableMBeanServerBuilder
	javax.xml.datatype.DatatypeFactory = __redirected.__DatatypeFactory
	javax.xml.parsers.DocumentBuilderFactory = __redirected.__DocumentBuilderFactory
	javax.xml.parsers.SAXParserFactory = __redirected.__SAXParserFactory
	javax.xml.stream.XMLEventFactory = __redirected.__XMLEventFactory
	javax.xml.stream.XMLInputFactory = __redirected.__XMLInputFactory
	javax.xml.stream.XMLOutputFactory = __redirected.__XMLOutputFactory
	javax.xml.transform.TransformerFactory = __redirected.__TransformerFactory
	javax.xml.validation.SchemaFactory:http://www.w3.org/2001/XMLSchema = __redirected.__SchemaFactory
	javax.xml.xpath.XPathFactory:http://java.sun.com/jaxp/xpath/dom = __redirected.__XPathFactory
	jboss.bind.address = localhost
	jboss.bind.address.management = localhost
	jboss.home.dir = G:\Sistemas\CadastroAlunos\Server\wildfly-11.0.0.Final
	jboss.host.name = edinaldo
	jboss.modules.dir = G:\Sistemas\CadastroAlunos\Server\wildfly-11.0.0.Final\modules
	jboss.modules.system.pkgs = org.jboss.byteman
	jboss.node.name = edinaldo
	jboss.qualified.host.name = edinaldo
	jboss.server.base.dir = G:\Sistemas\CadastroAlunos\Server\wildfly-11.0.0.Final\standalone
	jboss.server.config.dir = G:\Sistemas\CadastroAlunos\Server\wildfly-11.0.0.Final\standalone\configuration
	jboss.server.data.dir = G:\Sistemas\CadastroAlunos\Server\wildfly-11.0.0.Final\standalone\data
	jboss.server.deploy.dir = G:\Sistemas\CadastroAlunos\Server\wildfly-11.0.0.Final\standalone\data\content
	jboss.server.log.dir = G:\Sistemas\CadastroAlunos\Server\wildfly-11.0.0.Final\standalone\log
	jboss.server.name = edinaldo
	jboss.server.persist.config = true
	jboss.server.temp.dir = G:\Sistemas\CadastroAlunos\Server\wildfly-11.0.0.Final\standalone\tmp
	line.separator = 

	logging.configuration = file:G:\Sistemas\CadastroAlunos\Server\wildfly-11.0.0.Final\standalone\configuration\logging.properties
	module.path = G:\Sistemas\CadastroAlunos\Server\wildfly-11.0.0.Final\modules
	org.jboss.boot.log.file = G:\Sistemas\CadastroAlunos\Server\wildfly-11.0.0.Final\standalone\log\boot.log
	org.jboss.logmanager.nocolor = true
	org.jboss.resolver.warning = true
	org.xml.sax.driver = __redirected.__XMLReaderFactory
	os.arch = amd64
	os.name = Windows 10
	os.version = 10.0
	path.separator = ;
	program.name = JBossTools: WildFly 11
	sun.arch.data.model = 64
	sun.boot.class.path = C:\Program Files\Java\jre1.8.0_171\lib\resources.jar;C:\Program Files\Java\jre1.8.0_171\lib\rt.jar;C:\Program Files\Java\jre1.8.0_171\lib\sunrsasign.jar;C:\Program Files\Java\jre1.8.0_171\lib\jsse.jar;C:\Program Files\Java\jre1.8.0_171\lib\jce.jar;C:\Program Files\Java\jre1.8.0_171\lib\charsets.jar;C:\Program Files\Java\jre1.8.0_171\lib\jfr.jar;C:\Program Files\Java\jre1.8.0_171\classes
	sun.boot.library.path = C:\Program Files\Java\jre1.8.0_171\bin
	sun.cpu.endian = little
	sun.cpu.isalist = amd64
	sun.desktop = windows
	sun.io.unicode.encoding = UnicodeLittle
	sun.java.command = org.jboss.modules.Main -mp G:\Sistemas\CadastroAlunos\Server\wildfly-11.0.0.Final\modules org.jboss.as.standalone -b localhost --server-config=standalone.xml -Djboss.server.base.dir=G:\Sistemas\CadastroAlunos\Server\wildfly-11.0.0.Final\standalone
	sun.java.launcher = SUN_STANDARD
	sun.jnu.encoding = Cp1252
	sun.management.compiler = HotSpot 64-Bit Tiered Compilers
	sun.os.patch.level = 
	sun.rmi.dgc.client.gcInterval = 3600000
	sun.rmi.dgc.server.gcInterval = 3600000
	user.country = BR
	user.dir = G:\Sistemas\CadastroAlunos\Server\wildfly-11.0.0.Final\bin
	user.home = C:\Users\Edinaldo
	user.language = pt
	user.name = Edinaldo
	user.script = 
	user.timezone = America/Sao_Paulo
	user.variant = 
2018-07-28 09:31:38,723 DEBUG [org.jboss.as.config] (MSC service thread 1-8) VM Arguments: -agentlib:jdwp=transport=dt_socket,suspend=y,address=localhost:60027 -Dprogram.name=JBossTools: WildFly 11 -Xms64m -Xmx512m -Dorg.jboss.resolver.warning=true -Djava.net.preferIPv4Stack=true -Dsun.rmi.dgc.client.gcInterval=3600000 -Dsun.rmi.dgc.server.gcInterval=3600000 -Djboss.modules.system.pkgs=org.jboss.byteman -Djava.awt.headless=true -Dorg.jboss.boot.log.file=G:\Sistemas\CadastroAlunos\Server\wildfly-11.0.0.Final\standalone\log\boot.log -Dlogging.configuration=file:G:\Sistemas\CadastroAlunos\Server\wildfly-11.0.0.Final\standalone\configuration\logging.properties -Djboss.home.dir=G:\Sistemas\CadastroAlunos\Server\wildfly-11.0.0.Final -Dorg.jboss.logmanager.nocolor=true -Djboss.bind.address.management=localhost -Dfile.encoding=Cp1252 
2018-07-28 09:31:49,815 INFO  [org.jboss.as.controller.management-deprecated] (Controller Boot Thread) WFLYCTL0028: Attribute 'security-realm' in the resource at address '/core-service=management/management-interface=http-interface' is deprecated, and may be removed in future version. See the attribute description in the output of the read-resource-description operation to learn more about the deprecation.
2018-07-28 09:31:49,886 INFO  [org.jboss.as.controller.management-deprecated] (ServerService Thread Pool -- 9) WFLYCTL0028: Attribute 'security-realm' in the resource at address '/subsystem=undertow/server=default-server/https-listener=https' is deprecated, and may be removed in future version. See the attribute description in the output of the read-resource-description operation to learn more about the deprecation.
2018-07-28 09:31:49,894 INFO  [org.wildfly.security] (ServerService Thread Pool -- 15) ELY00001: WildFly Elytron version 1.1.6.Final
2018-07-28 09:31:50,525 INFO  [org.jboss.as.server.deployment.scanner] (DeploymentScanner-threads - 1) WFLYDS0004: Found CadastroCliente.war in deployment directory. To trigger deployment create a file called CadastroCliente.war.dodeploy
2018-07-28 09:31:50,687 INFO  [org.jboss.as.server] (Controller Boot Thread) WFLYSRV0039: Creating http management service using socket-binding (management-http)
2018-07-28 09:31:50,793 INFO  [org.xnio] (MSC service thread 1-7) XNIO version 3.5.4.Final
2018-07-28 09:31:50,813 INFO  [org.xnio.nio] (MSC service thread 1-7) XNIO NIO Implementation Version 3.5.4.Final
2018-07-28 09:31:51,185 INFO  [org.jboss.as.clustering.infinispan] (ServerService Thread Pool -- 42) WFLYCLINF0001: Activating Infinispan subsystem.
2018-07-28 09:31:51,205 INFO  [org.jboss.as.jaxrs] (ServerService Thread Pool -- 43) WFLYRS0016: RESTEasy version 3.0.24.Final
2018-07-28 09:31:51,518 WARN  [org.jboss.as.txn] (ServerService Thread Pool -- 58) WFLYTX0013: The node-identifier attribute on the /subsystem=transactions is set to the default value. This is a danger for environments running multiple servers. Please make sure the attribute value is unique.
2018-07-28 09:31:51,556 INFO  [org.jboss.as.jsf] (ServerService Thread Pool -- 48) WFLYJSF0007: Activated the following JSF Implementations: [main]
2018-07-28 09:31:51,588 INFO  [org.jboss.as.naming] (ServerService Thread Pool -- 50) WFLYNAM0001: Activating Naming Subsystem
2018-07-28 09:31:51,645 INFO  [org.jboss.as.security] (ServerService Thread Pool -- 57) WFLYSEC0002: Activating Security Subsystem
2018-07-28 09:31:51,699 INFO  [org.jboss.as.webservices] (ServerService Thread Pool -- 60) WFLYWS0002: Activating WebServices Extension
2018-07-28 09:31:51,755 INFO  [org.jboss.as.security] (MSC service thread 1-6) WFLYSEC0001: Current PicketBox version=5.0.2.Final
2018-07-28 09:31:51,794 INFO  [org.jboss.as.connector] (MSC service thread 1-8) WFLYJCA0009: Starting JCA Subsystem (WildFly/IronJacamar 1.4.6.Final)
2018-07-28 09:31:52,670 INFO  [org.wildfly.extension.undertow] (MSC service thread 1-6) WFLYUT0003: Undertow 1.4.18.Final starting
2018-07-28 09:31:52,848 INFO  [org.jboss.as.connector.subsystems.datasources] (ServerService Thread Pool -- 36) WFLYJCA0004: Deploying JDBC-compliant driver class org.h2.Driver (version 1.4)
2018-07-28 09:31:52,913 INFO  [org.jboss.as.connector.deployers.jdbc] (MSC service thread 1-4) WFLYJCA0018: Started Driver service with driver-name = h2
2018-07-28 09:31:53,091 INFO  [org.jboss.as.naming] (MSC service thread 1-4) WFLYNAM0003: Starting Naming Service
2018-07-28 09:31:53,091 INFO  [org.jboss.as.mail.extension] (MSC service thread 1-4) WFLYMAIL0001: Bound mail session [java:jboss/mail/Default]
2018-07-28 09:31:53,620 INFO  [org.wildfly.extension.undertow] (ServerService Thread Pool -- 59) WFLYUT0014: Creating file handler for path 'G:\Sistemas\CadastroAlunos\Server\wildfly-11.0.0.Final/welcome-content' with options [directory-listing: 'false', follow-symlink: 'false', case-sensitive: 'true', safe-symlink-paths: '[]']
2018-07-28 09:31:53,845 INFO  [org.wildfly.extension.io] (ServerService Thread Pool -- 41) WFLYIO001: Worker 'default' has auto-configured to 8 core threads with 64 task threads based on your 4 available processors
2018-07-28 09:31:54,582 INFO  [org.wildfly.extension.undertow] (MSC service thread 1-3) WFLYUT0012: Started server default-server.
2018-07-28 09:31:54,631 INFO  [org.jboss.remoting] (MSC service thread 1-7) JBoss Remoting version 5.0.5.Final
2018-07-28 09:31:54,675 INFO  [org.jboss.as.ejb3] (MSC service thread 1-5) WFLYEJB0482: Strict pool mdb-strict-max-pool is using a max instance size of 16 (per class), which is derived from the number of CPUs on this host.
2018-07-28 09:31:54,683 INFO  [org.jboss.as.ejb3] (MSC service thread 1-2) WFLYEJB0481: Strict pool slsb-strict-max-pool is using a max instance size of 64 (per class), which is derived from thread worker pool sizing.
2018-07-28 09:31:54,687 INFO  [org.wildfly.extension.undertow] (MSC service thread 1-6) WFLYUT0018: Host default-host starting
2018-07-28 09:31:55,814 INFO  [org.wildfly.extension.undertow] (MSC service thread 1-3) WFLYUT0006: Undertow HTTP listener default listening on 127.0.0.1:8080
2018-07-28 09:31:56,307 INFO  [org.jboss.as.patching] (MSC service thread 1-6) WFLYPAT0050: WildFly Full cumulative patch ID is: base, one-off patches include: none
2018-07-28 09:31:56,397 INFO  [org.jboss.as.ejb3] (MSC service thread 1-1) WFLYEJB0493: EJB subsystem suspension complete
2018-07-28 09:31:57,108 WARN  [org.jboss.as.domain.management.security] (MSC service thread 1-1) WFLYDM0111: Keystore G:\Sistemas\CadastroAlunos\Server\wildfly-11.0.0.Final\standalone\configuration\application.keystore not found, it will be auto generated on first use with a self signed certificate for host localhost
2018-07-28 09:31:58,160 INFO  [org.jboss.as.server.deployment.scanner] (MSC service thread 1-5) WFLYDS0013: Started FileSystemDeploymentService for directory G:\Sistemas\CadastroAlunos\Server\wildfly-11.0.0.Final\standalone\deployments
2018-07-28 09:31:58,211 INFO  [org.jboss.as.server.deployment] (MSC service thread 1-8) WFLYSRV0027: Starting deployment of "CadastroCliente.war" (runtime-name: "CadastroCliente.war")
2018-07-28 09:32:02,830 INFO  [org.jboss.as.connector.subsystems.datasources] (MSC service thread 1-6) WFLYJCA0001: Bound data source [java:jboss/datasources/ExampleDS]
2018-07-28 09:32:06,393 INFO  [org.wildfly.extension.undertow] (MSC service thread 1-7) WFLYUT0006: Undertow HTTPS listener https listening on 127.0.0.1:8443
2018-07-28 09:32:07,250 INFO  [org.jboss.ws.common.management] (MSC service thread 1-6) JBWS022052: Starting JBossWS 5.1.9.Final (Apache CXF 3.1.12) 
2018-07-28 09:32:12,265 INFO  [org.infinispan.factories.GlobalComponentRegistry] (MSC service thread 1-4) ISPN000128: Infinispan version: Infinispan 'Chakra' 8.2.8.Final
2018-07-28 09:32:13,739 INFO  [org.jboss.as.clustering.infinispan] (ServerService Thread Pool -- 64) WFLYCLINF0002: Started client-mappings cache from ejb container
2018-07-28 09:32:14,772 INFO  [org.wildfly.extension.undertow] (ServerService Thread Pool -- 66) WFLYUT0021: Registered web context: '/CadastroCliente' for server 'default-server'
2018-07-28 09:32:15,126 INFO  [org.jboss.as.server] (ServerService Thread Pool -- 37) WFLYSRV0010: Deployed "CadastroCliente.war" (runtime-name : "CadastroCliente.war")
2018-07-28 09:32:15,653 INFO  [org.jboss.as.server] (Controller Boot Thread) WFLYSRV0212: Resuming server
2018-07-28 09:32:15,655 INFO  [org.jboss.as] (Controller Boot Thread) WFLYSRV0060: Http management interface listening on http://127.0.0.1:9990/management
2018-07-28 09:32:15,655 INFO  [org.jboss.as] (Controller Boot Thread) WFLYSRV0051: Admin console listening on http://127.0.0.1:9990
2018-07-28 09:32:15,655 INFO  [org.jboss.as] (Controller Boot Thread) WFLYSRV0025: WildFly Full 11.0.0.Final (WildFly Core 3.0.8.Final) started in 43683ms - Started 396 of 624 services (353 services are lazy, passive or on-demand)
2018-07-28 09:34:23,642 INFO  [org.jboss.modules] (main) JBoss Modules version 1.6.1.Final
2018-07-28 09:34:24,491 INFO  [org.jboss.msc] (main) JBoss MSC version 1.2.7.SP1
2018-07-28 09:34:24,667 INFO  [org.jboss.as] (MSC service thread 1-7) WFLYSRV0049: WildFly Full 11.0.0.Final (WildFly Core 3.0.8.Final) starting
2018-07-28 09:34:24,670 DEBUG [org.jboss.as.config] (MSC service thread 1-7) Configured system properties:
	awt.toolkit = sun.awt.windows.WToolkit
	file.encoding = Cp1252
	file.encoding.pkg = sun.io
	file.separator = \
	java.awt.graphicsenv = sun.awt.Win32GraphicsEnvironment
	java.awt.headless = true
	java.awt.printerjob = sun.awt.windows.WPrinterJob
	java.class.path = G:\Sistemas\CadastroAlunos\Server\wildfly-11.0.0.Final\jboss-modules.jar;C:\Program Files\Java\jre1.8.0_171\lib\resources.jar;C:\Program Files\Java\jre1.8.0_171\lib\rt.jar;C:\Program Files\Java\jre1.8.0_171\lib\jsse.jar;C:\Program Files\Java\jre1.8.0_171\lib\jce.jar;C:\Program Files\Java\jre1.8.0_171\lib\charsets.jar;C:\Program Files\Java\jre1.8.0_171\lib\jfr.jar
	java.class.version = 52.0
	java.endorsed.dirs = C:\Program Files\Java\jre1.8.0_171\lib\endorsed
	java.ext.dirs = C:\Program Files\Java\jre1.8.0_171\lib\ext;C:\WINDOWS\Sun\Java\lib\ext
	java.home = C:\Program Files\Java\jre1.8.0_171
	java.io.tmpdir = C:\Users\Edinaldo\AppData\Local\Temp\
	java.library.path = C:\Program Files\Java\jre1.8.0_171\bin;C:\WINDOWS\Sun\Java\bin;C:\WINDOWS\system32;C:\WINDOWS;native;C:/Program Files/Java/jre1.8.0_171/bin/server;C:/Program Files/Java/jre1.8.0_171/bin;C:/Program Files/Java/jre1.8.0_171/lib/amd64;C:\Program Files (x86)\Common Files\Oracle\Java\javapath;C:\ProgramData\Oracle\Java\javapath;C:\Program Files (x86)\Falcon\MinGW\bin;C:\WINDOWS\system32;C:\WINDOWS;C:\WINDOWS\System32\Wbem;C:\WINDOWS\System32\WindowsPowerShell\v1.0\;C:\Program Files\dotnet\;C:\Program Files\Microsoft SQL Server\Client SDK\ODBC\110\Tools\Binn\;C:\Program Files (x86)\Microsoft SQL Server\120\Tools\Binn\;C:\Program Files\Microsoft SQL Server\120\Tools\Binn\;C:\Program Files\Microsoft SQL Server\120\DTS\Binn\;C:\Program Files (x86)\Microsoft SQL Server\120\Tools\Binn\ManagementStudio\;C:\Program Files (x86)\Microsoft SQL Server\120\DTS\Binn\;C:\Program Files\Git\cmd;C:\WINDOWS\System32\OpenSSH\;C:\Users\Edinaldo\AppData\Local\Microsoft\WindowsApps;;C:\Users\Edinaldo\AppData\Local\Programs\Fiddler;C:\Users\Edinaldo\AppData\Local\Microsoft\WindowsApps;C:\WINDOWS\System32;;.
	java.net.preferIPv4Stack = true
	java.runtime.name = Java(TM) SE Runtime Environment
	java.runtime.version = 1.8.0_171-b11
	java.specification.name = Java Platform API Specification
	java.specification.vendor = Oracle Corporation
	java.specification.version = 1.8
	java.util.logging.manager = org.jboss.logmanager.LogManager
	java.vendor = Oracle Corporation
	java.vendor.url = http://java.oracle.com/
	java.vendor.url.bug = http://bugreport.sun.com/bugreport/
	java.version = 1.8.0_171
	java.vm.info = mixed mode
	java.vm.name = Java HotSpot(TM) 64-Bit Server VM
	java.vm.specification.name = Java Virtual Machine Specification
	java.vm.specification.vendor = Oracle Corporation
	java.vm.specification.version = 1.8
	java.vm.vendor = Oracle Corporation
	java.vm.version = 25.171-b11
	javax.management.builder.initial = org.jboss.as.jmx.PluggableMBeanServerBuilder
	javax.xml.datatype.DatatypeFactory = __redirected.__DatatypeFactory
	javax.xml.parsers.DocumentBuilderFactory = __redirected.__DocumentBuilderFactory
	javax.xml.parsers.SAXParserFactory = __redirected.__SAXParserFactory
	javax.xml.stream.XMLEventFactory = __redirected.__XMLEventFactory
	javax.xml.stream.XMLInputFactory = __redirected.__XMLInputFactory
	javax.xml.stream.XMLOutputFactory = __redirected.__XMLOutputFactory
	javax.xml.transform.TransformerFactory = __redirected.__TransformerFactory
	javax.xml.validation.SchemaFactory:http://www.w3.org/2001/XMLSchema = __redirected.__SchemaFactory
	javax.xml.xpath.XPathFactory:http://java.sun.com/jaxp/xpath/dom = __redirected.__XPathFactory
	jboss.bind.address = localhost
	jboss.bind.address.management = localhost
	jboss.home.dir = G:\Sistemas\CadastroAlunos\Server\wildfly-11.0.0.Final
	jboss.host.name = edinaldo
	jboss.modules.dir = G:\Sistemas\CadastroAlunos\Server\wildfly-11.0.0.Final\modules
	jboss.modules.system.pkgs = org.jboss.byteman
	jboss.node.name = edinaldo
	jboss.qualified.host.name = edinaldo
	jboss.server.base.dir = G:\Sistemas\CadastroAlunos\Server\wildfly-11.0.0.Final\standalone
	jboss.server.config.dir = G:\Sistemas\CadastroAlunos\Server\wildfly-11.0.0.Final\standalone\configuration
	jboss.server.data.dir = G:\Sistemas\CadastroAlunos\Server\wildfly-11.0.0.Final\standalone\data
	jboss.server.deploy.dir = G:\Sistemas\CadastroAlunos\Server\wildfly-11.0.0.Final\standalone\data\content
	jboss.server.log.dir = G:\Sistemas\CadastroAlunos\Server\wildfly-11.0.0.Final\standalone\log
	jboss.server.name = edinaldo
	jboss.server.persist.config = true
	jboss.server.temp.dir = G:\Sistemas\CadastroAlunos\Server\wildfly-11.0.0.Final\standalone\tmp
	line.separator = 

	logging.configuration = file:G:\Sistemas\CadastroAlunos\Server\wildfly-11.0.0.Final\standalone\configuration\logging.properties
	module.path = G:\Sistemas\CadastroAlunos\Server\wildfly-11.0.0.Final\modules
	org.jboss.boot.log.file = G:\Sistemas\CadastroAlunos\Server\wildfly-11.0.0.Final\standalone\log\boot.log
	org.jboss.logmanager.nocolor = true
	org.jboss.resolver.warning = true
	org.xml.sax.driver = __redirected.__XMLReaderFactory
	os.arch = amd64
	os.name = Windows 10
	os.version = 10.0
	path.separator = ;
	program.name = JBossTools: WildFly 11
	sun.arch.data.model = 64
	sun.boot.class.path = C:\Program Files\Java\jre1.8.0_171\lib\resources.jar;C:\Program Files\Java\jre1.8.0_171\lib\rt.jar;C:\Program Files\Java\jre1.8.0_171\lib\sunrsasign.jar;C:\Program Files\Java\jre1.8.0_171\lib\jsse.jar;C:\Program Files\Java\jre1.8.0_171\lib\jce.jar;C:\Program Files\Java\jre1.8.0_171\lib\charsets.jar;C:\Program Files\Java\jre1.8.0_171\lib\jfr.jar;C:\Program Files\Java\jre1.8.0_171\classes
	sun.boot.library.path = C:\Program Files\Java\jre1.8.0_171\bin
	sun.cpu.endian = little
	sun.cpu.isalist = amd64
	sun.desktop = windows
	sun.io.unicode.encoding = UnicodeLittle
	sun.java.command = org.jboss.modules.Main -mp G:\Sistemas\CadastroAlunos\Server\wildfly-11.0.0.Final\modules org.jboss.as.standalone -b localhost --server-config=standalone.xml -Djboss.server.base.dir=G:\Sistemas\CadastroAlunos\Server\wildfly-11.0.0.Final\standalone
	sun.java.launcher = SUN_STANDARD
	sun.jnu.encoding = Cp1252
	sun.management.compiler = HotSpot 64-Bit Tiered Compilers
	sun.os.patch.level = 
	sun.rmi.dgc.client.gcInterval = 3600000
	sun.rmi.dgc.server.gcInterval = 3600000
	user.country = BR
	user.dir = G:\Sistemas\CadastroAlunos\Server\wildfly-11.0.0.Final\bin
	user.home = C:\Users\Edinaldo
	user.language = pt
	user.name = Edinaldo
	user.script = 
	user.timezone = America/Sao_Paulo
	user.variant = 
2018-07-28 09:34:24,671 DEBUG [org.jboss.as.config] (MSC service thread 1-7) VM Arguments: -Dprogram.name=JBossTools: WildFly 11 -Xms64m -Xmx512m -Dorg.jboss.resolver.warning=true -Djava.net.preferIPv4Stack=true -Dsun.rmi.dgc.client.gcInterval=3600000 -Dsun.rmi.dgc.server.gcInterval=3600000 -Djboss.modules.system.pkgs=org.jboss.byteman -Djava.awt.headless=true -Dorg.jboss.boot.log.file=G:\Sistemas\CadastroAlunos\Server\wildfly-11.0.0.Final\standalone\log\boot.log -Dlogging.configuration=file:G:\Sistemas\CadastroAlunos\Server\wildfly-11.0.0.Final\standalone\configuration\logging.properties -Djboss.home.dir=G:\Sistemas\CadastroAlunos\Server\wildfly-11.0.0.Final -Dorg.jboss.logmanager.nocolor=true -Djboss.bind.address.management=localhost -Dfile.encoding=Cp1252 
2018-07-28 09:34:27,713 INFO  [org.jboss.as.controller.management-deprecated] (Controller Boot Thread) WFLYCTL0028: Attribute 'security-realm' in the resource at address '/core-service=management/management-interface=http-interface' is deprecated, and may be removed in future version. See the attribute description in the output of the read-resource-description operation to learn more about the deprecation.
2018-07-28 09:34:27,799 INFO  [org.wildfly.security] (ServerService Thread Pool -- 22) ELY00001: WildFly Elytron version 1.1.6.Final
2018-07-28 09:34:27,807 INFO  [org.jboss.as.controller.management-deprecated] (ServerService Thread Pool -- 26) WFLYCTL0028: Attribute 'security-realm' in the resource at address '/subsystem=undertow/server=default-server/https-listener=https' is deprecated, and may be removed in future version. See the attribute description in the output of the read-resource-description operation to learn more about the deprecation.
2018-07-28 09:34:28,186 INFO  [org.jboss.as.server.deployment.scanner] (DeploymentScanner-threads - 1) WFLYDS0004: Found CadastroCliente.war in deployment directory. To trigger deployment create a file called CadastroCliente.war.dodeploy
2018-07-28 09:34:28,274 INFO  [org.jboss.as.server] (Controller Boot Thread) WFLYSRV0039: Creating http management service using socket-binding (management-http)
2018-07-28 09:34:28,342 INFO  [org.xnio] (MSC service thread 1-4) XNIO version 3.5.4.Final
2018-07-28 09:34:28,350 INFO  [org.xnio.nio] (MSC service thread 1-4) XNIO NIO Implementation Version 3.5.4.Final
2018-07-28 09:34:28,702 INFO  [org.jboss.as.clustering.infinispan] (ServerService Thread Pool -- 42) WFLYCLINF0001: Activating Infinispan subsystem.
2018-07-28 09:34:28,710 INFO  [org.jboss.as.jaxrs] (ServerService Thread Pool -- 43) WFLYRS0016: RESTEasy version 3.0.24.Final
2018-07-28 09:34:28,710 INFO  [org.jboss.as.security] (ServerService Thread Pool -- 57) WFLYSEC0002: Activating Security Subsystem
2018-07-28 09:34:28,722 WARN  [org.jboss.as.txn] (ServerService Thread Pool -- 58) WFLYTX0013: The node-identifier attribute on the /subsystem=transactions is set to the default value. This is a danger for environments running multiple servers. Please make sure the attribute value is unique.
2018-07-28 09:34:28,730 INFO  [org.jboss.as.webservices] (ServerService Thread Pool -- 60) WFLYWS0002: Activating WebServices Extension
2018-07-28 09:34:28,746 INFO  [org.jboss.as.naming] (ServerService Thread Pool -- 50) WFLYNAM0001: Activating Naming Subsystem
2018-07-28 09:34:28,746 INFO  [org.jboss.as.jsf] (ServerService Thread Pool -- 48) WFLYJSF0007: Activated the following JSF Implementations: [main]
2018-07-28 09:34:28,758 INFO  [org.jboss.as.security] (MSC service thread 1-1) WFLYSEC0001: Current PicketBox version=5.0.2.Final
2018-07-28 09:34:28,890 INFO  [org.wildfly.extension.undertow] (MSC service thread 1-3) WFLYUT0003: Undertow 1.4.18.Final starting
2018-07-28 09:34:28,966 INFO  [org.jboss.as.naming] (MSC service thread 1-6) WFLYNAM0003: Starting Naming Service
2018-07-28 09:34:29,014 INFO  [org.jboss.as.mail.extension] (MSC service thread 1-6) WFLYMAIL0001: Bound mail session [java:jboss/mail/Default]
2018-07-28 09:34:29,086 INFO  [org.jboss.as.connector] (MSC service thread 1-6) WFLYJCA0009: Starting JCA Subsystem (WildFly/IronJacamar 1.4.6.Final)
2018-07-28 09:34:29,122 INFO  [org.jboss.as.connector.subsystems.datasources] (ServerService Thread Pool -- 36) WFLYJCA0004: Deploying JDBC-compliant driver class org.h2.Driver (version 1.4)
2018-07-28 09:34:29,134 INFO  [org.jboss.as.connector.deployers.jdbc] (MSC service thread 1-3) WFLYJCA0018: Started Driver service with driver-name = h2
2018-07-28 09:34:29,586 INFO  [org.wildfly.extension.undertow] (ServerService Thread Pool -- 59) WFLYUT0014: Creating file handler for path 'G:\Sistemas\CadastroAlunos\Server\wildfly-11.0.0.Final/welcome-content' with options [directory-listing: 'false', follow-symlink: 'false', case-sensitive: 'true', safe-symlink-paths: '[]']
2018-07-28 09:34:30,550 INFO  [org.wildfly.extension.io] (ServerService Thread Pool -- 41) WFLYIO001: Worker 'default' has auto-configured to 8 core threads with 64 task threads based on your 4 available processors
2018-07-28 09:34:30,654 INFO  [org.jboss.as.ejb3] (MSC service thread 1-6) WFLYEJB0482: Strict pool mdb-strict-max-pool is using a max instance size of 16 (per class), which is derived from the number of CPUs on this host.
2018-07-28 09:34:30,656 INFO  [org.jboss.as.ejb3] (MSC service thread 1-6) WFLYEJB0481: Strict pool slsb-strict-max-pool is using a max instance size of 64 (per class), which is derived from thread worker pool sizing.
2018-07-28 09:34:30,839 INFO  [org.jboss.as.patching] (MSC service thread 1-4) WFLYPAT0050: WildFly Full cumulative patch ID is: base, one-off patches include: none
2018-07-28 09:34:30,859 WARN  [org.jboss.as.domain.management.security] (MSC service thread 1-5) WFLYDM0111: Keystore G:\Sistemas\CadastroAlunos\Server\wildfly-11.0.0.Final\standalone\configuration\application.keystore not found, it will be auto generated on first use with a self signed certificate for host localhost
2018-07-28 09:34:30,859 INFO  [org.jboss.as.server.deployment.scanner] (MSC service thread 1-7) WFLYDS0013: Started FileSystemDeploymentService for directory G:\Sistemas\CadastroAlunos\Server\wildfly-11.0.0.Final\standalone\deployments
2018-07-28 09:34:30,890 INFO  [org.jboss.remoting] (MSC service thread 1-4) JBoss Remoting version 5.0.5.Final
2018-07-28 09:34:30,914 INFO  [org.jboss.as.server.deployment] (MSC service thread 1-6) WFLYSRV0027: Starting deployment of "CadastroCliente.war" (runtime-name: "CadastroCliente.war")
2018-07-28 09:34:30,974 INFO  [org.wildfly.extension.undertow] (MSC service thread 1-1) WFLYUT0012: Started server default-server.
2018-07-28 09:34:30,982 INFO  [org.wildfly.extension.undertow] (MSC service thread 1-1) WFLYUT0018: Host default-host starting
2018-07-28 09:34:31,162 INFO  [org.jboss.as.ejb3] (MSC service thread 1-8) WFLYEJB0493: EJB subsystem suspension complete
2018-07-28 09:34:31,676 INFO  [org.wildfly.extension.undertow] (MSC service thread 1-5) WFLYUT0006: Undertow HTTP listener default listening on 127.0.0.1:8080
2018-07-28 09:34:31,876 INFO  [org.jboss.as.connector.subsystems.datasources] (MSC service thread 1-2) WFLYJCA0001: Bound data source [java:jboss/datasources/ExampleDS]
2018-07-28 09:34:32,462 INFO  [org.wildfly.extension.undertow] (MSC service thread 1-2) WFLYUT0006: Undertow HTTPS listener https listening on 127.0.0.1:8443
2018-07-28 09:34:32,710 INFO  [org.jboss.ws.common.management] (MSC service thread 1-4) JBWS022052: Starting JBossWS 5.1.9.Final (Apache CXF 3.1.12) 
2018-07-28 09:34:34,277 INFO  [org.infinispan.factories.GlobalComponentRegistry] (MSC service thread 1-8) ISPN000128: Infinispan version: Infinispan 'Chakra' 8.2.8.Final
2018-07-28 09:34:34,809 INFO  [org.jboss.as.clustering.infinispan] (ServerService Thread Pool -- 62) WFLYCLINF0002: Started client-mappings cache from ejb container
2018-07-28 09:34:35,049 INFO  [org.wildfly.extension.undertow] (ServerService Thread Pool -- 63) WFLYUT0021: Registered web context: '/CadastroCliente' for server 'default-server'
2018-07-28 09:34:35,073 INFO  [org.jboss.as.server] (ServerService Thread Pool -- 37) WFLYSRV0010: Deployed "CadastroCliente.war" (runtime-name : "CadastroCliente.war")
2018-07-28 09:34:35,232 INFO  [org.jboss.as.server] (Controller Boot Thread) WFLYSRV0212: Resuming server
2018-07-28 09:34:35,236 INFO  [org.jboss.as] (Controller Boot Thread) WFLYSRV0060: Http management interface listening on http://127.0.0.1:9990/management
2018-07-28 09:34:35,236 INFO  [org.jboss.as] (Controller Boot Thread) WFLYSRV0051: Admin console listening on http://127.0.0.1:9990
2018-07-28 09:34:35,236 INFO  [org.jboss.as] (Controller Boot Thread) WFLYSRV0025: WildFly Full 11.0.0.Final (WildFly Core 3.0.8.Final) started in 12077ms - Started 396 of 624 services (353 services are lazy, passive or on-demand)
